android-start/app/build/outputs/logs/manifest-merger-debug-report.txt
-- Merging decision tree log ---
manifest
ADDED from src\main\AndroidManifest.xml:2:1-48:12
INJECTED from src\main\AndroidManifest.xml:2:1-48:12
INJECTED from src\main\AndroidManifest.xml:2:1-48:12
INJECTED from src\main\AndroidManifest.xml:2:1-48:12
MERGED from [com.android.support:design:26.1.0] AndroidManifest.xml:17:1-31:12
MERGED from [de.hdodenhof:circleimageview:1.3.0] AndroidManifest.xml:2:1-11:12
MERGED from [com.android.support:appcompat-v7:26.1.0] AndroidManifest.xml:17:1-31:12
MERGED from [com.google.android.gms:play-services-auth:11.4.2] AndroidManifest.xml:16:1-26:12
MERGED from [com.google.firebase:firebase-crash:11.4.2] AndroidManifest.xml:16:1-25:12
MERGED from [com.google.firebase:firebase-core:11.4.2] AndroidManifest.xml:2:1-6:12
MERGED from [com.google.firebase:firebase-analytics:11.4.2] AndroidManifest.xml:16:1-35:12
MERGED from [com.firebaseui:firebase-ui-database:3.0.0] AndroidManifest.xml:2:1-13:12
MERGED from [com.google.firebase:firebase-database:11.4.2] AndroidManifest.xml:2:1-4:12
MERGED from [com.google.firebase:firebase-storage:11.4.2] AndroidManifest.xml:2:1-4:12
MERGED from [com.google.firebase:firebase-auth:11.4.2] AndroidManifest.xml:16:1-21:12
MERGED from [com.google.firebase:firebase-config:11.4.2] AndroidManifest.xml:16:1-19:12
MERGED from [com.google.android.gms:play-services-appinvite:11.4.2] AndroidManifest.xml:16:1-27:12
MERGED from [com.google.firebase:firebase-messaging:11.4.2] AndroidManifest.xml:16:1-30:12
MERGED from [com.google.android.gms:play-services-ads:11.4.2] AndroidManifest.xml:16:1-18:12
MERGED from [com.google.firebase:firebase-appindexing:11.4.2] AndroidManifest.xml:16:1-19:12
MERGED from [com.android.support:transition:26.1.0] AndroidManifest.xml:17:1-28:12
MERGED from [com.google.android.gms:play-services-auth-api-phone:11.4.2] AndroidManifest.xml:2:1-4:12
MERGED from [com.google.android.gms:play-services-auth-base:11.4.2] AndroidManifest.xml:2:1-5:12
MERGED from [com.google.firebase:firebase-dynamic-links:11.4.2] AndroidManifest.xml:2:1-6:12
MERGED from [com.google.android.gms:play-services-base:11.4.2] AndroidManifest.xml:16:1-21:12
MERGED from [com.google.firebase:firebase-analytics-impl:11.4.2] AndroidManifest.xml:16:1-29:12
MERGED from [com.google.firebase:firebase-database-connection:11.4.2] AndroidManifest.xml:2:1-4:12
MERGED from [com.google.firebase:firebase-iid:11.4.2] AndroidManifest.xml:16:1-50:12
MERGED from [com.google.firebase:firebase-common:11.4.2] AndroidManifest.xml:2:1-8:12
MERGED from [com.google.android.gms:play-services-tasks:11.4.2] AndroidManifest.xml:2:1-5:12
MERGED from [com.google.firebase:firebase-storage-common:11.4.2] AndroidManifest.xml:2:1-4:12
MERGED from [com.google.android.gms:play-services-ads-lite:11.4.2] AndroidManifest.xml:16:1-27:12
MERGED from [com.google.android.gms:play-services-gass:11.4.2] AndroidManifest.xml:2:1-5:12
MERGED from [com.google.android.gms:play-services-basement:11.4.2] AndroidManifest.xml:16:1-23:12
MERGED from [com.firebaseui:firebase-ui-common:3.0.0] AndroidManifest.xml:2:1-12:12
MERGED from [com.android.support:support-v4:26.1.0] AndroidManifest.xml:17:1-31:12
MERGED from [com.android.support:recyclerview-v7:26.1.0] AndroidManifest.xml:17:1-28:12
MERGED from [com.android.support:animated-vector-drawable:26.1.0] AndroidManifest.xml:17:1-28:12
MERGED from [com.android.support:support-vector-drawable:26.1.0] AndroidManifest.xml:17:1-28:12
MERGED from [android.arch.lifecycle:extensions:1.0.0-beta1] AndroidManifest.xml:17:1-32:12
MERGED from [com.android.support:support-fragment:26.1.0] AndroidManifest.xml:17:1-31:12
MERGED from [com.android.support:support-core-ui:26.1.0] AndroidManifest.xml:17:1-31:12
MERGED from [com.android.support:support-media-compat:26.1.0] AndroidManifest.xml:17:1-31:12
MERGED from [com.android.support:support-core-utils:26.1.0] AndroidManifest.xml:17:1-31:12
MERGED from [com.android.support:support-compat:26.1.0] AndroidManifest.xml:17:1-31:12
MERGED from [android.arch.lifecycle:runtime:1.0.0] AndroidManifest.xml:17:1-30:12
MERGED from [android.arch.core:runtime:1.0.0-beta1] AndroidManifest.xml:17:1-30:12
MERGED from [com.google.android.gms:play-services-auth-license:11.4.2] AndroidManifest.xml:2:1-6:12
MERGED from [com.google.firebase:firebase-analytics-license:11.4.2] AndroidManifest.xml:2:1-6:12
MERGED from [com.google.firebase:firebase-database-license:11.4.2] AndroidManifest.xml:2:1-6:12
MERGED from [com.google.firebase:firebase-storage-license:11.4.2] AndroidManifest.xml:2:1-6:12
MERGED from [com.google.firebase:firebase-auth-license:11.4.2] AndroidManifest.xml:2:1-6:12
MERGED from [com.google.firebase:firebase-config-license:11.4.2] AndroidManifest.xml:2:1-6:12
MERGED from [com.google.android.gms:play-services-appinvite-license:11.4.2] AndroidManifest.xml:2:1-6:12
MERGED from [com.google.firebase:firebase-messaging-license:11.4.2] AndroidManifest.xml:2:1-6:12
MERGED from [com.google.android.gms:play-services-ads-license:11.4.2] AndroidManifest.xml:2:1-6:12
MERGED from [com.google.firebase:firebase-appindexing-license:11.4.2] AndroidManifest.xml:2:1-6:12
MERGED from [com.google.android.gms:play-services-auth-api-phone-license:11.4.2] AndroidManifest.xml:2:1-6:12
MERGED from [com.google.android.gms:play-services-auth-base-license:11.4.2] AndroidManifest.xml:2:1-6:12
MERGED from [com.google.android.gms:play-services-base-license:11.4.2] AndroidManifest.xml:2:1-6:12
MERGED from [com.google.android.gms:play-services-basement-license:11.4.2] AndroidManifest.xml:2:1-6:12
MERGED from [com.google.android.gms:play-services-tasks-license:11.4.2] AndroidManifest.xml:2:1-6:12
MERGED from [com.google.firebase:firebase-common-license:11.4.2] AndroidManifest.xml:2:1-6:12
MERGED from [com.google.firebase:firebase-analytics-impl-license:11.4.2] AndroidManifest.xml:2:1-6:12
MERGED from [com.google.firebase:firebase-database-connection-license:11.4.2] AndroidManifest.xml:2:1-6:12
MERGED from [com.google.firebase:firebase-storage-common-license:11.4.2] AndroidManifest.xml:2:1-6:12
MERGED from [com.google.firebase:firebase-iid-license:11.4.2] AndroidManifest.xml:2:1-6:12
MERGED from [com.google.firebase:firebase-dynamic-links-license:11.4.2] AndroidManifest.xml:2:1-6:12
MERGED from [com.google.android.gms:play-services-ads-lite-license:11.4.2] AndroidManifest.xml:2:1-6:12
MERGED from [com.google.android.gms:play-services-gass-license:11.4.2] AndroidManifest.xml:2:1-6:12
INJECTED from src\main\AndroidManifest.xml:2:1-48:12
INJECTED from src\main\AndroidManifest.xml:2:1-48:12
INJECTED from src\main\AndroidManifest.xml:2:1-48:12
	package
		ADDED from src\main\AndroidManifest.xml:3:5-55
		INJECTED from src\main\AndroidManifest.xml
		INJECTED from src\main\AndroidManifest.xml
	android:versionName
		INJECTED from src\main\AndroidManifest.xml
		ADDED from src\main\AndroidManifest.xml:2:1-48:12
		INJECTED from src\main\AndroidManifest.xml
	android:versionCode
		INJECTED from src\main\AndroidManifest.xml
		ADDED from src\main\AndroidManifest.xml:2:1-48:12
		INJECTED from src\main\AndroidManifest.xml
	xmlns:android
		ADDED from src\main\AndroidManifest.xml:2:11-69
application
ADDED from src\main\AndroidManifest.xml:7:5-46:19
MERGED from [com.android.support:design:26.1.0] AndroidManifest.xml:25:5-29:19
MERGED from [com.android.support:design:26.1.0] AndroidManifest.xml:25:5-29:19
MERGED from [de.hdodenhof:circleimageview:1.3.0] AndroidManifest.xml:9:5-20
MERGED from [de.hdodenhof:circleimageview:1.3.0] AndroidManifest.xml:9:5-20
MERGED from [com.android.support:appcompat-v7:26.1.0] AndroidManifest.xml:25:5-29:19
MERGED from [com.android.support:appcompat-v7:26.1.0] AndroidManifest.xml:25:5-29:19
MERGED from [com.google.android.gms:play-services-auth:11.4.2] AndroidManifest.xml:19:5-25:19
MERGED from [com.google.android.gms:play-services-auth:11.4.2] AndroidManifest.xml:19:5-25:19
MERGED from [com.google.firebase:firebase-crash:11.4.2] AndroidManifest.xml:22:5-23:19
MERGED from [com.google.firebase:firebase-crash:11.4.2] AndroidManifest.xml:22:5-23:19
MERGED from [com.google.firebase:firebase-core:11.4.2] AndroidManifest.xml:5:5-20
MERGED from [com.google.firebase:firebase-core:11.4.2] AndroidManifest.xml:5:5-20
MERGED from [com.google.firebase:firebase-analytics:11.4.2] AndroidManifest.xml:24:5-34:19
MERGED from [com.google.firebase:firebase-analytics:11.4.2] AndroidManifest.xml:24:5-34:19
MERGED from [com.google.firebase:firebase-auth:11.4.2] AndroidManifest.xml:19:5-20:19
MERGED from [com.google.firebase:firebase-auth:11.4.2] AndroidManifest.xml:19:5-20:19
MERGED from [com.google.firebase:firebase-config:11.4.2] AndroidManifest.xml:18:5-19
MERGED from [com.google.firebase:firebase-config:11.4.2] AndroidManifest.xml:18:5-19
MERGED from [com.google.android.gms:play-services-appinvite:11.4.2] AndroidManifest.xml:19:5-26:19
MERGED from [com.google.android.gms:play-services-appinvite:11.4.2] AndroidManifest.xml:19:5-26:19
MERGED from [com.google.firebase:firebase-messaging:11.4.2] AndroidManifest.xml:19:5-29:19
MERGED from [com.google.firebase:firebase-messaging:11.4.2] AndroidManifest.xml:19:5-29:19
MERGED from [com.google.firebase:firebase-appindexing:11.4.2] AndroidManifest.xml:18:5-19
MERGED from [com.google.firebase:firebase-appindexing:11.4.2] AndroidManifest.xml:18:5-19
MERGED from [com.android.support:transition:26.1.0] AndroidManifest.xml:22:5-26:19
MERGED from [com.android.support:transition:26.1.0] AndroidManifest.xml:22:5-26:19
MERGED from [com.google.firebase:firebase-dynamic-links:11.4.2] AndroidManifest.xml:5:3-17
MERGED from [com.google.firebase:firebase-dynamic-links:11.4.2] AndroidManifest.xml:5:3-17
MERGED from [com.google.android.gms:play-services-base:11.4.2] AndroidManifest.xml:18:5-20:19
MERGED from [com.google.android.gms:play-services-base:11.4.2] AndroidManifest.xml:18:5-20:19
MERGED from [com.google.firebase:firebase-analytics-impl:11.4.2] AndroidManifest.xml:24:5-28:19
MERGED from [com.google.firebase:firebase-analytics-impl:11.4.2] AndroidManifest.xml:24:5-28:19
MERGED from [com.google.firebase:firebase-iid:11.4.2] AndroidManifest.xml:28:5-49:19
MERGED from [com.google.firebase:firebase-iid:11.4.2] AndroidManifest.xml:28:5-49:19
MERGED from [com.google.firebase:firebase-common:11.4.2] AndroidManifest.xml:4:5-7:19
MERGED from [com.google.firebase:firebase-common:11.4.2] AndroidManifest.xml:4:5-7:19
MERGED from [com.google.android.gms:play-services-tasks:11.4.2] AndroidManifest.xml:4:5-19
MERGED from [com.google.android.gms:play-services-tasks:11.4.2] AndroidManifest.xml:4:5-19
MERGED from [com.google.android.gms:play-services-ads-lite:11.4.2] AndroidManifest.xml:23:5-26:19
MERGED from [com.google.android.gms:play-services-ads-lite:11.4.2] AndroidManifest.xml:23:5-26:19
MERGED from [com.google.android.gms:play-services-gass:11.4.2] AndroidManifest.xml:4:5-19
MERGED from [com.google.android.gms:play-services-gass:11.4.2] AndroidManifest.xml:4:5-19
MERGED from [com.google.android.gms:play-services-basement:11.4.2] AndroidManifest.xml:19:5-21:19
MERGED from [com.google.android.gms:play-services-basement:11.4.2] AndroidManifest.xml:19:5-21:19
MERGED from [com.android.support:support-v4:26.1.0] AndroidManifest.xml:25:5-29:19
MERGED from [com.android.support:support-v4:26.1.0] AndroidManifest.xml:25:5-29:19
MERGED from [com.android.support:recyclerview-v7:26.1.0] AndroidManifest.xml:22:5-26:19
MERGED from [com.android.support:recyclerview-v7:26.1.0] AndroidManifest.xml:22:5-26:19
MERGED from [com.android.support:animated-vector-drawable:26.1.0] AndroidManifest.xml:22:5-26:19
MERGED from [com.android.support:animated-vector-drawable:26.1.0] AndroidManifest.xml:22:5-26:19
MERGED from [com.android.support:support-vector-drawable:26.1.0] AndroidManifest.xml:22:5-26:19
MERGED from [com.android.support:support-vector-drawable:26.1.0] AndroidManifest.xml:22:5-26:19
MERGED from [android.arch.lifecycle:extensions:1.0.0-beta1] AndroidManifest.xml:24:5-30:19
MERGED from [android.arch.lifecycle:extensions:1.0.0-beta1] AndroidManifest.xml:24:5-30:19
MERGED from [com.android.support:support-fragment:26.1.0] AndroidManifest.xml:25:5-29:19
MERGED from [com.android.support:support-fragment:26.1.0] AndroidManifest.xml:25:5-29:19
MERGED from [com.android.support:support-core-ui:26.1.0] AndroidManifest.xml:25:5-29:19
MERGED from [com.android.support:support-core-ui:26.1.0] AndroidManifest.xml:25:5-29:19
MERGED from [com.android.support:support-media-compat:26.1.0] AndroidManifest.xml:25:5-29:19
MERGED from [com.android.support:support-media-compat:26.1.0] AndroidManifest.xml:25:5-29:19
MERGED from [com.android.support:support-core-utils:26.1.0] AndroidManifest.xml:25:5-29:19
MERGED from [com.android.support:support-core-utils:26.1.0] AndroidManifest.xml:25:5-29:19
MERGED from [com.android.support:support-compat:26.1.0] AndroidManifest.xml:25:5-29:19
MERGED from [com.android.support:support-compat:26.1.0] AndroidManifest.xml:25:5-29:19
MERGED from [android.arch.lifecycle:runtime:1.0.0] AndroidManifest.xml:24:5-28:19
MERGED from [android.arch.lifecycle:runtime:1.0.0] AndroidManifest.xml:24:5-28:19
MERGED from [android.arch.core:runtime:1.0.0-beta1] AndroidManifest.xml:24:5-28:19
MERGED from [android.arch.core:runtime:1.0.0-beta1] AndroidManifest.xml:24:5-28:19
MERGED from [com.google.android.gms:play-services-auth-license:11.4.2] AndroidManifest.xml:5:5-20
MERGED from [com.google.android.gms:play-services-auth-license:11.4.2] AndroidManifest.xml:5:5-20
MERGED from [com.google.firebase:firebase-analytics-license:11.4.2] AndroidManifest.xml:5:5-20
MERGED from [com.google.firebase:firebase-analytics-license:11.4.2] AndroidManifest.xml:5:5-20
MERGED from [com.google.firebase:firebase-database-license:11.4.2] AndroidManifest.xml:5:5-20
MERGED from [com.google.firebase:firebase-database-license:11.4.2] AndroidManifest.xml:5:5-20
MERGED from [com.google.firebase:firebase-storage-license:11.4.2] AndroidManifest.xml:5:5-20
MERGED from [com.google.firebase:firebase-storage-license:11.4.2] AndroidManifest.xml:5:5-20
MERGED from [com.google.firebase:firebase-auth-license:11.4.2] AndroidManifest.xml:5:5-20
MERGED from [com.google.firebase:firebase-auth-license:11.4.2] AndroidManifest.xml:5:5-20
MERGED from [com.google.firebase:firebase-config-license:11.4.2] AndroidManifest.xml:5:5-20
MERGED from [com.google.firebase:firebase-config-license:11.4.2] AndroidManifest.xml:5:5-20
MERGED from [com.google.android.gms:play-services-appinvite-license:11.4.2] AndroidManifest.xml:5:5-20
MERGED from [com.google.android.gms:play-services-appinvite-license:11.4.2] AndroidManifest.xml:5:5-20
MERGED from [com.google.firebase:firebase-messaging-license:11.4.2] AndroidManifest.xml:5:5-20
MERGED from [com.google.firebase:firebase-messaging-license:11.4.2] AndroidManifest.xml:5:5-20
MERGED from [com.google.android.gms:play-services-ads-license:11.4.2] AndroidManifest.xml:5:5-20
MERGED from [com.google.android.gms:play-services-ads-license:11.4.2] AndroidManifest.xml:5:5-20
MERGED from [com.google.firebase:firebase-appindexing-license:11.4.2] AndroidManifest.xml:5:5-20
MERGED from [com.google.firebase:firebase-appindexing-license:11.4.2] AndroidManifest.xml:5:5-20
MERGED from [com.google.android.gms:play-services-auth-api-phone-license:11.4.2] AndroidManifest.xml:5:5-20
MERGED from [com.google.android.gms:play-services-auth-api-phone-license:11.4.2] AndroidManifest.xml:5:5-20
MERGED from [com.google.android.gms:play-services-auth-base-license:11.4.2] AndroidManifest.xml:5:5-20
MERGED from [com.google.android.gms:play-services-auth-base-license:11.4.2] AndroidManifest.xml:5:5-20
MERGED from [com.google.android.gms:play-services-base-license:11.4.2] AndroidManifest.xml:5:5-20
MERGED from [com.google.android.gms:play-services-base-license:11.4.2] AndroidManifest.xml:5:5-20
MERGED from [com.google.android.gms:play-services-basement-license:11.4.2] AndroidManifest.xml:5:5-20
MERGED from [com.google.android.gms:play-services-basement-license:11.4.2] AndroidManifest.xml:5:5-20
MERGED from [com.google.android.gms:play-services-tasks-license:11.4.2] AndroidManifest.xml:5:5-20
MERGED from [com.google.android.gms:play-services-tasks-license:11.4.2] AndroidManifest.xml:5:5-20
MERGED from [com.google.firebase:firebase-common-license:11.4.2] AndroidManifest.xml:5:5-20
MERGED from [com.google.firebase:firebase-common-license:11.4.2] AndroidManifest.xml:5:5-20
MERGED from [com.google.firebase:firebase-analytics-impl-license:11.4.2] AndroidManifest.xml:5:5-20
MERGED from [com.google.firebase:firebase-analytics-impl-license:11.4.2] AndroidManifest.xml:5:5-20
MERGED from [com.google.firebase:firebase-database-connection-license:11.4.2] AndroidManifest.xml:5:5-20
MERGED from [com.google.firebase:firebase-database-connection-license:11.4.2] AndroidManifest.xml:5:5-20
MERGED from [com.google.firebase:firebase-storage-common-license:11.4.2] AndroidManifest.xml:5:5-20
MERGED from [com.google.firebase:firebase-storage-common-license:11.4.2] AndroidManifest.xml:5:5-20
MERGED from [com.google.firebase:firebase-iid-license:11.4.2] AndroidManifest.xml:5:5-20
MERGED from [com.google.firebase:firebase-iid-license:11.4.2] AndroidManifest.xml:5:5-20
MERGED from [com.google.firebase:firebase-dynamic-links-license:11.4.2] AndroidManifest.xml:5:5-20
MERGED from [com.google.firebase:firebase-dynamic-links-license:11.4.2] AndroidManifest.xml:5:5-20
MERGED from [com.google.android.gms:play-services-ads-lite-license:11.4.2] AndroidManifest.xml:5:5-20
MERGED from [com.google.android.gms:play-services-ads-lite-license:11.4.2] AndroidManifest.xml:5:5-20
MERGED from [com.google.android.gms:play-services-gass-license:11.4.2] AndroidManifest.xml:5:5-20
MERGED from [com.google.android.gms:play-services-gass-license:11.4.2] AndroidManifest.xml:5:5-20
	android:supportsRtl
		ADDED from src\main\AndroidManifest.xml:11:9-35
	android:label
		ADDED from src\main\AndroidManifest.xml:10:9-41
	android:icon
		ADDED from src\main\AndroidManifest.xml:9:9-43
	android:allowBackup
		ADDED from src\main\AndroidManifest.xml:8:9-35
	android:theme
		ADDED from src\main\AndroidManifest.xml:12:9-40
activity#com.google.firebase.codelab.friendlychat.MainActivity
ADDED from src\main\AndroidManifest.xml:13:9-28:20
	android:name
		ADDED from src\main\AndroidManifest.xml:13:19-87
intent-filter#android.intent.action.MAIN+android.intent.category.LAUNCHER
ADDED from src\main\AndroidManifest.xml:14:13-17:29
action#android.intent.action.MAIN
ADDED from src\main\AndroidManifest.xml:15:17-68
	android:name
		ADDED from src\main\AndroidManifest.xml:15:25-66
category#android.intent.category.LAUNCHER
ADDED from src\main\AndroidManifest.xml:16:17-76
	android:name
		ADDED from src\main\AndroidManifest.xml:16:27-74
intent-filter#android.intent.action.VIEW+android.intent.category.BROWSABLE+android.intent.category.DEFAULT
ADDED from src\main\AndroidManifest.xml:18:13-27:29
action#android.intent.action.VIEW
ADDED from src\main\AndroidManifest.xml:19:17-68
	android:name
		ADDED from src\main\AndroidManifest.xml:19:25-66
category#android.intent.category.DEFAULT
ADDED from src\main\AndroidManifest.xml:20:17-75
	android:name
		ADDED from src\main\AndroidManifest.xml:20:27-73
category#android.intent.category.BROWSABLE
ADDED from src\main\AndroidManifest.xml:21:17-77
	android:name
		ADDED from src\main\AndroidManifest.xml:21:27-75
data
ADDED from src\main\AndroidManifest.xml:22:17-26:23
	android:host
		ADDED from src\main\AndroidManifest.xml:23:21-68
	android:scheme
		ADDED from src\main\AndroidManifest.xml:24:21-42
	android:pathPrefix
		ADDED from src\main\AndroidManifest.xml:25:21-50
activity#com.google.firebase.codelab.friendlychat.SignInActivity
ADDED from src\main\AndroidManifest.xml:30:9-52
	android:name
		ADDED from src\main\AndroidManifest.xml:30:19-49
service#com.google.firebase.codelab.friendlychat.MyFirebaseMessagingService
ADDED from src\main\AndroidManifest.xml:31:9-37:19
	android:exported
		ADDED from src\main\AndroidManifest.xml:33:13-37
	android:name
		ADDED from src\main\AndroidManifest.xml:32:13-55
intent-filter#com.google.firebase.MESSAGING_EVENT
ADDED from src\main\AndroidManifest.xml:34:13-36:29
action#com.google.firebase.MESSAGING_EVENT
ADDED from src\main\AndroidManifest.xml:35:17-78
	android:name
		ADDED from src\main\AndroidManifest.xml:35:25-75
service#com.google.firebase.codelab.friendlychat.MyFirebaseInstanceIdService
ADDED from src\main\AndroidManifest.xml:39:9-45:19
	android:exported
		ADDED from src\main\AndroidManifest.xml:41:13-37
	android:name
		ADDED from src\main\AndroidManifest.xml:40:13-56
intent-filter#com.google.firebase.INSTANCE_ID_EVENT
ADDED from src\main\AndroidManifest.xml:42:13-44:29
action#com.google.firebase.INSTANCE_ID_EVENT
ADDED from src\main\AndroidManifest.xml:43:17-80
	android:name
		ADDED from src\main\AndroidManifest.xml:43:25-77
uses-sdk
INJECTED from src\main\AndroidManifest.xml reason: use-sdk injection requested
INJECTED from src\main\AndroidManifest.xml
INJECTED from src\main\AndroidManifest.xml
MERGED from [com.android.support:design:26.1.0] AndroidManifest.xml:21:5-23:62
MERGED from [com.android.support:design:26.1.0] AndroidManifest.xml:21:5-23:62
MERGED from [de.hdodenhof:circleimageview:1.3.0] AndroidManifest.xml:5:5-7:41
MERGED from [de.hdodenhof:circleimageview:1.3.0] AndroidManifest.xml:5:5-7:41
MERGED from [com.android.support:appcompat-v7:26.1.0] AndroidManifest.xml:21:5-23:78
MERGED from [com.android.support:appcompat-v7:26.1.0] AndroidManifest.xml:21:5-23:78
MERGED from [com.google.android.gms:play-services-auth:11.4.2] AndroidManifest.xml:17:5-43
MERGED from [com.google.android.gms:play-services-auth:11.4.2] AndroidManifest.xml:17:5-43
MERGED from [com.google.firebase:firebase-crash:11.4.2] AndroidManifest.xml:20:5-43
MERGED from [com.google.firebase:firebase-crash:11.4.2] AndroidManifest.xml:20:5-43
MERGED from [com.google.firebase:firebase-core:11.4.2] AndroidManifest.xml:4:5-43
MERGED from [com.google.firebase:firebase-core:11.4.2] AndroidManifest.xml:4:5-43
MERGED from [com.google.firebase:firebase-analytics:11.4.2] AndroidManifest.xml:17:5-43
MERGED from [com.google.firebase:firebase-analytics:11.4.2] AndroidManifest.xml:17:5-43
MERGED from [com.firebaseui:firebase-ui-database:3.0.0] AndroidManifest.xml:7:5-9:41
MERGED from [com.firebaseui:firebase-ui-database:3.0.0] AndroidManifest.xml:7:5-9:41
MERGED from [com.google.firebase:firebase-database:11.4.2] AndroidManifest.xml:3:5-43
MERGED from [com.google.firebase:firebase-database:11.4.2] AndroidManifest.xml:3:5-43
MERGED from [com.google.firebase:firebase-storage:11.4.2] AndroidManifest.xml:3:5-43
MERGED from [com.google.firebase:firebase-storage:11.4.2] AndroidManifest.xml:3:5-43
MERGED from [com.google.firebase:firebase-auth:11.4.2] AndroidManifest.xml:17:5-43
MERGED from [com.google.firebase:firebase-auth:11.4.2] AndroidManifest.xml:17:5-43
MERGED from [com.google.firebase:firebase-config:11.4.2] AndroidManifest.xml:17:5-43
MERGED from [com.google.firebase:firebase-config:11.4.2] AndroidManifest.xml:17:5-43
MERGED from [com.google.android.gms:play-services-appinvite:11.4.2] AndroidManifest.xml:17:5-43
MERGED from [com.google.android.gms:play-services-appinvite:11.4.2] AndroidManifest.xml:17:5-43
MERGED from [com.google.firebase:firebase-messaging:11.4.2] AndroidManifest.xml:17:5-43
MERGED from [com.google.firebase:firebase-messaging:11.4.2] AndroidManifest.xml:17:5-43
MERGED from [com.google.android.gms:play-services-ads:11.4.2] AndroidManifest.xml:17:5-94
MERGED from [com.google.android.gms:play-services-ads:11.4.2] AndroidManifest.xml:17:5-94
MERGED from [com.google.firebase:firebase-appindexing:11.4.2] AndroidManifest.xml:17:5-43
MERGED from [com.google.firebase:firebase-appindexing:11.4.2] AndroidManifest.xml:17:5-43
MERGED from [com.android.support:transition:26.1.0] AndroidManifest.xml:20:5-44
MERGED from [com.android.support:transition:26.1.0] AndroidManifest.xml:20:5-44
MERGED from [com.google.android.gms:play-services-auth-api-phone:11.4.2] AndroidManifest.xml:3:3-41
MERGED from [com.google.android.gms:play-services-auth-api-phone:11.4.2] AndroidManifest.xml:3:3-41
MERGED from [com.google.android.gms:play-services-auth-base:11.4.2] AndroidManifest.xml:4:5-43
MERGED from [com.google.android.gms:play-services-auth-base:11.4.2] AndroidManifest.xml:4:5-43
MERGED from [com.google.firebase:firebase-dynamic-links:11.4.2] AndroidManifest.xml:3:3-41
MERGED from [com.google.firebase:firebase-dynamic-links:11.4.2] AndroidManifest.xml:3:3-41
MERGED from [com.google.android.gms:play-services-base:11.4.2] AndroidManifest.xml:17:5-43
MERGED from [com.google.android.gms:play-services-base:11.4.2] AndroidManifest.xml:17:5-43
MERGED from [com.google.firebase:firebase-analytics-impl:11.4.2] AndroidManifest.xml:17:5-43
MERGED from [com.google.firebase:firebase-analytics-impl:11.4.2] AndroidManifest.xml:17:5-43
MERGED from [com.google.firebase:firebase-database-connection:11.4.2] AndroidManifest.xml:3:5-43
MERGED from [com.google.firebase:firebase-database-connection:11.4.2] AndroidManifest.xml:3:5-43
MERGED from [com.google.firebase:firebase-iid:11.4.2] AndroidManifest.xml:17:5-43
MERGED from [com.google.firebase:firebase-iid:11.4.2] AndroidManifest.xml:17:5-43
MERGED from [com.google.firebase:firebase-common:11.4.2] AndroidManifest.xml:3:5-43
MERGED from [com.google.firebase:firebase-common:11.4.2] AndroidManifest.xml:3:5-43
MERGED from [com.google.android.gms:play-services-tasks:11.4.2] AndroidManifest.xml:3:5-43
MERGED from [com.google.android.gms:play-services-tasks:11.4.2] AndroidManifest.xml:3:5-43
MERGED from [com.google.firebase:firebase-storage-common:11.4.2] AndroidManifest.xml:3:5-43
MERGED from [com.google.firebase:firebase-storage-common:11.4.2] AndroidManifest.xml:3:5-43
MERGED from [com.google.android.gms:play-services-ads-lite:11.4.2] AndroidManifest.xml:22:5-43
MERGED from [com.google.android.gms:play-services-ads-lite:11.4.2] AndroidManifest.xml:22:5-43
MERGED from [com.google.android.gms:play-services-gass:11.4.2] AndroidManifest.xml:3:5-43
MERGED from [com.google.android.gms:play-services-gass:11.4.2] AndroidManifest.xml:3:5-43
MERGED from [com.google.android.gms:play-services-basement:11.4.2] AndroidManifest.xml:17:5-43
MERGED from [com.google.android.gms:play-services-basement:11.4.2] AndroidManifest.xml:17:5-43
MERGED from [com.firebaseui:firebase-ui-common:3.0.0] AndroidManifest.xml:8:5-10:41
MERGED from [com.firebaseui:firebase-ui-common:3.0.0] AndroidManifest.xml:8:5-10:41
MERGED from [com.android.support:support-v4:26.1.0] AndroidManifest.xml:21:5-23:54
MERGED from [com.android.support:support-v4:26.1.0] AndroidManifest.xml:21:5-23:54
MERGED from [com.android.support:recyclerview-v7:26.1.0] AndroidManifest.xml:20:5-44
MERGED from [com.android.support:recyclerview-v7:26.1.0] AndroidManifest.xml:20:5-44
MERGED from [com.android.support:animated-vector-drawable:26.1.0] AndroidManifest.xml:20:5-44
MERGED from [com.android.support:animated-vector-drawable:26.1.0] AndroidManifest.xml:20:5-44
MERGED from [com.android.support:support-vector-drawable:26.1.0] AndroidManifest.xml:20:5-44
MERGED from [com.android.support:support-vector-drawable:26.1.0] AndroidManifest.xml:20:5-44
MERGED from [android.arch.lifecycle:extensions:1.0.0-beta1] AndroidManifest.xml:20:5-22:41
MERGED from [android.arch.lifecycle:extensions:1.0.0-beta1] AndroidManifest.xml:20:5-22:41
MERGED from [com.android.support:support-fragment:26.1.0] AndroidManifest.xml:21:5-23:60
MERGED from [com.android.support:support-fragment:26.1.0] AndroidManifest.xml:21:5-23:60
MERGED from [com.android.support:support-core-ui:26.1.0] AndroidManifest.xml:21:5-23:58
MERGED from [com.android.support:support-core-ui:26.1.0] AndroidManifest.xml:21:5-23:58
MERGED from [com.android.support:support-media-compat:26.1.0] AndroidManifest.xml:21:5-23:63
MERGED from [com.android.support:support-media-compat:26.1.0] AndroidManifest.xml:21:5-23:63
MERGED from [com.android.support:support-core-utils:26.1.0] AndroidManifest.xml:21:5-23:61
MERGED from [com.android.support:support-core-utils:26.1.0] AndroidManifest.xml:21:5-23:61
MERGED from [com.android.support:support-compat:26.1.0] AndroidManifest.xml:21:5-23:58
MERGED from [com.android.support:support-compat:26.1.0] AndroidManifest.xml:21:5-23:58
MERGED from [android.arch.lifecycle:runtime:1.0.0] AndroidManifest.xml:20:5-22:41
MERGED from [android.arch.lifecycle:runtime:1.0.0] AndroidManifest.xml:20:5-22:41
MERGED from [android.arch.core:runtime:1.0.0-beta1] AndroidManifest.xml:20:5-22:41
MERGED from [android.arch.core:runtime:1.0.0-beta1] AndroidManifest.xml:20:5-22:41
MERGED from [com.google.android.gms:play-services-auth-license:11.4.2] AndroidManifest.xml:4:5-43
MERGED from [com.google.android.gms:play-services-auth-license:11.4.2] AndroidManifest.xml:4:5-43
MERGED from [com.google.firebase:firebase-analytics-license:11.4.2] AndroidManifest.xml:4:5-43
MERGED from [com.google.firebase:firebase-analytics-license:11.4.2] AndroidManifest.xml:4:5-43
MERGED from [com.google.firebase:firebase-database-license:11.4.2] AndroidManifest.xml:4:5-43
MERGED from [com.google.firebase:firebase-database-license:11.4.2] AndroidManifest.xml:4:5-43
MERGED from [com.google.firebase:firebase-storage-license:11.4.2] AndroidManifest.xml:4:5-43
MERGED from [com.google.firebase:firebase-storage-license:11.4.2] AndroidManifest.xml:4:5-43
MERGED from [com.google.firebase:firebase-auth-license:11.4.2] AndroidManifest.xml:4:5-43
MERGED from [com.google.firebase:firebase-auth-license:11.4.2] AndroidManifest.xml:4:5-43
MERGED from [com.google.firebase:firebase-config-license:11.4.2] AndroidManifest.xml:4:5-43
MERGED from [com.google.firebase:firebase-config-license:11.4.2] AndroidManifest.xml:4:5-43
MERGED from [com.google.android.gms:play-services-appinvite-license:11.4.2] AndroidManifest.xml:4:5-43
MERGED from [com.google.android.gms:play-services-appinvite-license:11.4.2] AndroidManifest.xml:4:5-43
MERGED from [com.google.firebase:firebase-messaging-license:11.4.2] AndroidManifest.xml:4:5-43